[debug] [2024-08-20T20:25:58.462Z] ----------------------------------------------------------------------
[debug] [2024-08-20T20:25:58.465Z] Command:       C:\Program Files (x86)\nodejs\node.exe C:\Users\ASUS\AppData\Roaming\npm\node_modules\firebase-tools\lib\bin\firebase.js login
[debug] [2024-08-20T20:25:58.466Z] CLI Version:   13.15.2
[debug] [2024-08-20T20:25:58.466Z] Platform:      win32
[debug] [2024-08-20T20:25:58.466Z] Node Version:  v18.16.1
[debug] [2024-08-20T20:25:58.468Z] Time:          Wed Aug 21 2024 02:25:58 GMT+0600 (Bangladesh Standard Time)
[debug] [2024-08-20T20:25:58.468Z] ----------------------------------------------------------------------
[debug] 
[info] i  Firebase optionally collects CLI and Emulator Suite usage and error reporting information to help improve our products. Data is collected in accordance with Google's privacy policy (https://policies.google.com/privacy) and is not used to identify you.
 
[info] i  To change your data collection preference at any time, run `firebase logout` and log in again. 
[info] 
[info] Visit this URL on this device to log in:
[info] https://accounts.google.com/o/oauth2/auth?client_id=563584335869-fgrhgmd47bqnekij5i8b5pr03ho849e6.apps.googleusercontent.com&scope=email%20openid%20https%3A%2F%2Fwww.googleapis.com%2Fauth%2Fcloudplatformprojects.readonly%20https%3A%2F%2Fwww.googleapis.com%2Fauth%2Ffirebase%20https%3A%2F%2Fwww.googleapis.com%2Fauth%2Fcloud-platform&response_type=code&state=289274593&redirect_uri=http%3A%2F%2Flocalhost%3A9005
[info] 
[info] Waiting for authentication...
[debug] [2024-08-20T20:26:13.539Z] >>> [apiv2][query] POST https://auth.firebase.tools/attest [none]
[debug] [2024-08-20T20:26:13.541Z] >>> [apiv2][body] POST https://auth.firebase.tools/attest {"session_id":"bee48196-ec36-41af-8cce-5e2b31b27079"}
[debug] [2024-08-20T20:26:14.944Z] <<< [apiv2][status] POST https://auth.firebase.tools/attest 200
[debug] [2024-08-20T20:26:14.945Z] <<< [apiv2][body] POST https://auth.firebase.tools/attest {"token":"T23_ECiuzvUaMxztg5ejmCbPiqBM6Fa5a11AIAzu8zw"}
[info] 
[info] To sign in to the Firebase CLI:
[info] 
[info] 1. Take note of your session ID:
[info] 
[info]    BEE48
[info] 
[info] 2. Visit the URL below on any device and follow the instructions to get your code:
[info] 
[info]    https://auth.firebase.tools/login?code_challenge=ayOVwmi-1tCumNSvbV9mOY8ZNGoVsYoBxHOzZDjJLrw&session=bee48196-ec36-41af-8cce-5e2b31b27079&attest=T23_ECiuzvUaMxztg5ejmCbPiqBM6Fa5a11AIAzu8zw
[info] 
[info] 3. Paste or enter the authorization code below once you have it:
[info] 
